[0.343s] Invoking command in '/home/samruddhi/ros2_ws/src/my_py_pkg': PYTHONPATH=/home/samruddhi/ros2_ws/src/my_py_pkg/build/my_py_pkg/prefix_override:/usr/lib/python3/dist-packages/colcon_core/task/python/colcon_distutils_commands:/home/samruddhi/ros2_ws/src/my_py_pkg/install/my_py_pkg/lib/python3.10/site-packages:${PYTHONPATH} /usr/bin/python3 -W ignore:setup.py install is deprecated -W ignore:easy_install command is deprecated setup.py egg_info --egg-base build/my_py_pkg build --build-base /home/samruddhi/ros2_ws/src/my_py_pkg/build/my_py_pkg/build install --record /home/samruddhi/ros2_ws/src/my_py_pkg/build/my_py_pkg/install.log --single-version-externally-managed install_data
[0.468s] running egg_info
[0.468s] creating build/my_py_pkg/my_py_pkg.egg-info
[0.468s] writing build/my_py_pkg/my_py_pkg.egg-info/PKG-INFO
[0.468s] writing dependency_links to build/my_py_pkg/my_py_pkg.egg-info/dependency_links.txt
[0.468s] writing entry points to build/my_py_pkg/my_py_pkg.egg-info/entry_points.txt
[0.468s] writing requirements to build/my_py_pkg/my_py_pkg.egg-info/requires.txt
[0.468s] writing top-level names to build/my_py_pkg/my_py_pkg.egg-info/top_level.txt
[0.468s] writing manifest file 'build/my_py_pkg/my_py_pkg.egg-info/SOURCES.txt'
[0.469s] reading manifest file 'build/my_py_pkg/my_py_pkg.egg-info/SOURCES.txt'
[0.469s] adding license file 'LICENSE'
[0.469s] writing manifest file 'build/my_py_pkg/my_py_pkg.egg-info/SOURCES.txt'
[0.469s] running build
[0.469s] running build_py
[0.469s] creating /home/samruddhi/ros2_ws/src/my_py_pkg/build/my_py_pkg/build
[0.469s] creating /home/samruddhi/ros2_ws/src/my_py_pkg/build/my_py_pkg/build/lib
[0.470s] creating /home/samruddhi/ros2_ws/src/my_py_pkg/build/my_py_pkg/build/lib/my_py_pkg
[0.470s] copying my_py_pkg/__init__.py -> /home/samruddhi/ros2_ws/src/my_py_pkg/build/my_py_pkg/build/lib/my_py_pkg
[0.470s] copying my_py_pkg/sub.py -> /home/samruddhi/ros2_ws/src/my_py_pkg/build/my_py_pkg/build/lib/my_py_pkg
[0.470s] copying my_py_pkg/pub.py -> /home/samruddhi/ros2_ws/src/my_py_pkg/build/my_py_pkg/build/lib/my_py_pkg
[0.470s] running install
[0.470s] running install_lib
[0.470s] creating /home/samruddhi/ros2_ws/src/my_py_pkg/install/my_py_pkg/lib/python3.10/site-packages/my_py_pkg
[0.470s] copying /home/samruddhi/ros2_ws/src/my_py_pkg/build/my_py_pkg/build/lib/my_py_pkg/__init__.py -> /home/samruddhi/ros2_ws/src/my_py_pkg/install/my_py_pkg/lib/python3.10/site-packages/my_py_pkg
[0.470s] copying /home/samruddhi/ros2_ws/src/my_py_pkg/build/my_py_pkg/build/lib/my_py_pkg/sub.py -> /home/samruddhi/ros2_ws/src/my_py_pkg/install/my_py_pkg/lib/python3.10/site-packages/my_py_pkg
[0.470s] copying /home/samruddhi/ros2_ws/src/my_py_pkg/build/my_py_pkg/build/lib/my_py_pkg/pub.py -> /home/samruddhi/ros2_ws/src/my_py_pkg/install/my_py_pkg/lib/python3.10/site-packages/my_py_pkg
[0.470s] byte-compiling /home/samruddhi/ros2_ws/src/my_py_pkg/install/my_py_pkg/lib/python3.10/site-packages/my_py_pkg/__init__.py to __init__.cpython-310.pyc
[0.470s] byte-compiling /home/samruddhi/ros2_ws/src/my_py_pkg/install/my_py_pkg/lib/python3.10/site-packages/my_py_pkg/sub.py to sub.cpython-310.pyc
[0.471s] byte-compiling /home/samruddhi/ros2_ws/src/my_py_pkg/install/my_py_pkg/lib/python3.10/site-packages/my_py_pkg/pub.py to pub.cpython-310.pyc
[0.471s] running install_data
[0.471s] creating /home/samruddhi/ros2_ws/src/my_py_pkg/install/my_py_pkg/share/ament_index
[0.471s] creating /home/samruddhi/ros2_ws/src/my_py_pkg/install/my_py_pkg/share/ament_index/resource_index
[0.471s] creating /home/samruddhi/ros2_ws/src/my_py_pkg/install/my_py_pkg/share/ament_index/resource_index/packages
[0.471s] copying resource/my_py_pkg -> /home/samruddhi/ros2_ws/src/my_py_pkg/install/my_py_pkg/share/ament_index/resource_index/packages
[0.471s] copying package.xml -> /home/samruddhi/ros2_ws/src/my_py_pkg/install/my_py_pkg/share/my_py_pkg
[0.471s] running install_egg_info
[0.472s] Copying build/my_py_pkg/my_py_pkg.egg-info to /home/samruddhi/ros2_ws/src/my_py_pkg/install/my_py_pkg/lib/python3.10/site-packages/my_py_pkg-0.0.0-py3.10.egg-info
[0.472s] running install_scripts
[0.484s] Installing my listener script to /home/samruddhi/ros2_ws/src/my_py_pkg/install/my_py_pkg/lib/my_py_pkg
[0.484s] Installing my talker script to /home/samruddhi/ros2_ws/src/my_py_pkg/install/my_py_pkg/lib/my_py_pkg
[0.484s] writing list of installed files to '/home/samruddhi/ros2_ws/src/my_py_pkg/build/my_py_pkg/install.log'
[0.498s] Invoked command in '/home/samruddhi/ros2_ws/src/my_py_pkg' returned '0': PYTHONPATH=/home/samruddhi/ros2_ws/src/my_py_pkg/build/my_py_pkg/prefix_override:/usr/lib/python3/dist-packages/colcon_core/task/python/colcon_distutils_commands:/home/samruddhi/ros2_ws/src/my_py_pkg/install/my_py_pkg/lib/python3.10/site-packages:${PYTHONPATH} /usr/bin/python3 -W ignore:setup.py install is deprecated -W ignore:easy_install command is deprecated setup.py egg_info --egg-base build/my_py_pkg build --build-base /home/samruddhi/ros2_ws/src/my_py_pkg/build/my_py_pkg/build install --record /home/samruddhi/ros2_ws/src/my_py_pkg/build/my_py_pkg/install.log --single-version-externally-managed install_data
